{"/home/swapnil/Nodeapp/test.js":{"path":"/home/swapnil/Nodeapp/test.js","s":{"1":1,"2":1,"3":1,"4":1,"5":1,"6":1,"7":1,"8":1,"9":1,"10":1,"11":1,"12":1,"13":1,"14":1,"15":1,"16":1,"17":1,"18":1,"19":1,"20":1,"21":1,"22":1,"23":1,"24":1,"25":1,"26":1,"27":1,"28":1,"29":1,"30":1,"31":1,"32":1,"33":1,"34":1,"35":1,"36":1,"37":1,"38":1,"39":1,"40":1,"41":1,"42":1,"43":1,"44":1,"45":1,"46":1,"47":1,"48":1,"49":1,"50":1,"51":1,"52":1,"53":1},"b":{},"f":{},"fnMap":{},"statementMap":{"1":{"start":{"line":1,"column":0},"end":{"line":2,"column":27}},"2":{"start":{"line":3,"column":0},"end":{"line":3,"column":31}},"3":{"start":{"line":4,"column":0},"end":{"line":4,"column":34}},"4":{"start":{"line":5,"column":0},"end":{"line":5,"column":42}},"5":{"start":{"line":6,"column":0},"end":{"line":6,"column":23}},"6":{"start":{"line":7,"column":0},"end":{"line":7,"column":31}},"7":{"start":{"line":8,"column":0},"end":{"line":8,"column":29}},"8":{"start":{"line":10,"column":0},"end":{"line":10,"column":24}},"9":{"start":{"line":12,"column":0},"end":{"line":68,"column":3}},"10":{"start":{"line":13,"column":4},"end":{"line":31,"column":7}},"11":{"start":{"line":14,"column":8},"end":{"line":21,"column":11}},"12":{"start":{"line":15,"column":12},"end":{"line":15,"column":41}},"13":{"start":{"line":16,"column":12},"end":{"line":16,"column":50}},"14":{"start":{"line":17,"column":12},"end":{"line":17,"column":45}},"15":{"start":{"line":18,"column":12},"end":{"line":18,"column":40}},"16":{"start":{"line":19,"column":12},"end":{"line":19,"column":41}},"17":{"start":{"line":20,"column":12},"end":{"line":20,"column":41}},"18":{"start":{"line":22,"column":8},"end":{"line":30,"column":11}},"19":{"start":{"line":23,"column":12},"end":{"line":23,"column":40}},"20":{"start":{"line":24,"column":12},"end":{"line":24,"column":50}},"21":{"start":{"line":25,"column":12},"end":{"line":25,"column":45}},"22":{"start":{"line":26,"column":12},"end":{"line":26,"column":40}},"23":{"start":{"line":27,"column":12},"end":{"line":27,"column":41}},"24":{"start":{"line":28,"column":12},"end":{"line":28,"column":41}},"25":{"start":{"line":29,"column":12},"end":{"line":29,"column":43}},"26":{"start":{"line":33,"column":4},"end":{"line":55,"column":7}},"27":{"start":{"line":34,"column":8},"end":{"line":34,"column":33}},"28":{"start":{"line":35,"column":8},"end":{"line":40,"column":11}},"29":{"start":{"line":36,"column":12},"end":{"line":36,"column":47}},"30":{"start":{"line":37,"column":12},"end":{"line":37,"column":45}},"31":{"start":{"line":38,"column":12},"end":{"line":38,"column":54}},"32":{"start":{"line":39,"column":12},"end":{"line":39,"column":51}},"33":{"start":{"line":41,"column":8},"end":{"line":47,"column":11}},"34":{"start":{"line":42,"column":12},"end":{"line":42,"column":47}},"35":{"start":{"line":43,"column":12},"end":{"line":43,"column":54}},"36":{"start":{"line":44,"column":12},"end":{"line":44,"column":44}},"37":{"start":{"line":45,"column":12},"end":{"line":45,"column":44}},"38":{"start":{"line":46,"column":12},"end":{"line":46,"column":51}},"39":{"start":{"line":48,"column":8},"end":{"line":54,"column":11}},"40":{"start":{"line":49,"column":12},"end":{"line":49,"column":23}},"41":{"start":{"line":50,"column":12},"end":{"line":50,"column":47}},"42":{"start":{"line":51,"column":12},"end":{"line":51,"column":45}},"43":{"start":{"line":52,"column":12},"end":{"line":52,"column":54}},"44":{"start":{"line":53,"column":12},"end":{"line":53,"column":51}},"45":{"start":{"line":57,"column":4},"end":{"line":67,"column":7}},"46":{"start":{"line":58,"column":8},"end":{"line":58,"column":62}},"47":{"start":{"line":59,"column":8},"end":{"line":66,"column":11}},"48":{"start":{"line":60,"column":12},"end":{"line":60,"column":50}},"49":{"start":{"line":61,"column":12},"end":{"line":61,"column":66}},"50":{"start":{"line":62,"column":12},"end":{"line":62,"column":49}},"51":{"start":{"line":63,"column":12},"end":{"line":63,"column":41}},"52":{"start":{"line":64,"column":12},"end":{"line":64,"column":45}},"53":{"start":{"line":65,"column":12},"end":{"line":65,"column":25}}},"branchMap":{}},"/home/swapnil/Nodeapp/models.js":{"path":"/home/swapnil/Nodeapp/models.js","s":{"1":1,"2":1,"3":13,"4":13,"5":13,"6":3,"7":3,"8":3,"9":2,"10":2,"11":2,"12":2,"13":10,"14":10,"15":2,"16":2,"17":8,"18":3,"19":3,"20":2,"21":2,"22":2,"23":2,"24":0,"25":3,"26":3,"27":3,"28":3,"29":3,"30":3,"31":3,"32":1},"b":{"1":[1,2],"2":[1,1],"3":[2,0],"4":[2,8],"5":[3,5]},"f":{"1":13,"2":3,"3":2,"4":3},"fnMap":{"1":{"name":"(anonymous_1)","line":6,"loc":{"start":{"line":6,"column":21},"end":{"line":6,"column":44}}},"2":{"name":"(anonymous_2)","line":12,"loc":{"start":{"line":12,"column":18},"end":{"line":12,"column":33}}},"3":{"name":"(anonymous_3)","line":18,"loc":{"start":{"line":18,"column":12},"end":{"line":18,"column":37}}},"4":{"name":"(anonymous_4)","line":46,"loc":{"start":{"line":46,"column":11},"end":{"line":46,"column":30}}}},"statementMap":{"1":{"start":{"line":2,"column":0},"end":{"line":2,"column":32}},"2":{"start":{"line":3,"column":0},"end":{"line":3,"column":31}},"3":{"start":{"line":7,"column":8},"end":{"line":7,"column":30}},"4":{"start":{"line":8,"column":8},"end":{"line":8,"column":28}},"5":{"start":{"line":9,"column":8},"end":{"line":9,"column":50}},"6":{"start":{"line":13,"column":8},"end":{"line":13,"column":39}},"7":{"start":{"line":15,"column":8},"end":{"line":15,"column":47}},"8":{"start":{"line":16,"column":8},"end":{"line":16,"column":46}},"9":{"start":{"line":19,"column":8},"end":{"line":19,"column":41}},"10":{"start":{"line":21,"column":8},"end":{"line":21,"column":109}},"11":{"start":{"line":23,"column":8},"end":{"line":44,"column":9}},"12":{"start":{"line":25,"column":12},"end":{"line":36,"column":15}},"13":{"start":{"line":26,"column":16},"end":{"line":26,"column":95}},"14":{"start":{"line":28,"column":16},"end":{"line":34,"column":17}},"15":{"start":{"line":29,"column":20},"end":{"line":29,"column":45}},"16":{"start":{"line":30,"column":20},"end":{"line":30,"column":39}},"17":{"start":{"line":31,"column":23},"end":{"line":34,"column":17}},"18":{"start":{"line":32,"column":20},"end":{"line":32,"column":45}},"19":{"start":{"line":33,"column":20},"end":{"line":33,"column":39}},"20":{"start":{"line":38,"column":12},"end":{"line":38,"column":41}},"21":{"start":{"line":39,"column":12},"end":{"line":39,"column":37}},"22":{"start":{"line":40,"column":12},"end":{"line":40,"column":38}},"23":{"start":{"line":41,"column":12},"end":{"line":41,"column":30}},"24":{"start":{"line":43,"column":12},"end":{"line":43,"column":59}},"25":{"start":{"line":48,"column":8},"end":{"line":48,"column":53}},"26":{"start":{"line":51,"column":8},"end":{"line":51,"column":92}},"27":{"start":{"line":53,"column":8},"end":{"line":53,"column":70}},"28":{"start":{"line":55,"column":8},"end":{"line":55,"column":28}},"29":{"start":{"line":56,"column":8},"end":{"line":56,"column":29}},"30":{"start":{"line":57,"column":8},"end":{"line":57,"column":35}},"31":{"start":{"line":59,"column":8},"end":{"line":59,"column":98}},"32":{"start":{"line":63,"column":0},"end":{"line":63,"column":22}}},"branchMap":{"1":{"line":16,"type":"cond-expr","locations":[{"start":{"line":16,"column":23},"end":{"line":16,"column":34}},{"start":{"line":16,"column":35},"end":{"line":16,"column":44}}]},"2":{"line":21,"type":"cond-expr","locations":[{"start":{"line":21,"column":24},"end":{"line":21,"column":64}},{"start":{"line":21,"column":65},"end":{"line":21,"column":108}}]},"3":{"line":23,"type":"if","locations":[{"start":{"line":23,"column":8},"end":{"line":23,"column":8}},{"start":{"line":23,"column":8},"end":{"line":23,"column":8}}]},"4":{"line":28,"type":"if","locations":[{"start":{"line":28,"column":16},"end":{"line":28,"column":16}},{"start":{"line":28,"column":16},"end":{"line":28,"column":16}}]},"5":{"line":31,"type":"if","locations":[{"start":{"line":31,"column":23},"end":{"line":31,"column":23}},{"start":{"line":31,"column":23},"end":{"line":31,"column":23}}]}}},"/home/swapnil/Nodeapp/cars.js":{"path":"/home/swapnil/Nodeapp/cars.js","s":{"1":1,"2":1},"b":{},"f":{},"fnMap":{},"statementMap":{"1":{"start":{"line":1,"column":0},"end":{"line":61,"column":3}},"2":{"start":{"line":64,"column":0},"end":{"line":64,"column":20}}},"branchMap":{}}}