TN:
SF:/home/swapnil/Nodeapp/test.js
FNF:0
FNH:0
DA:1,1
DA:3,1
DA:4,1
DA:5,1
DA:6,1
DA:7,1
DA:8,1
DA:10,1
DA:12,1
DA:13,1
DA:14,1
DA:15,1
DA:16,1
DA:17,1
DA:18,1
DA:19,1
DA:20,1
DA:22,1
DA:23,1
DA:24,1
DA:25,1
DA:26,1
DA:27,1
DA:28,1
DA:29,1
DA:33,1
DA:34,1
DA:35,1
DA:36,1
DA:37,1
DA:38,1
DA:39,1
DA:41,1
DA:42,1
DA:43,1
DA:44,1
DA:45,1
DA:46,1
DA:48,1
DA:49,1
DA:50,1
DA:51,1
DA:52,1
DA:53,1
DA:57,1
DA:58,1
DA:59,1
DA:60,1
DA:61,1
DA:62,1
DA:63,1
DA:64,1
DA:65,1
LF:53
LH:53
BRF:0
BRH:0
end_of_record
TN:
SF:/home/swapnil/Nodeapp/models.js
FN:6,(anonymous_1)
FN:12,(anonymous_2)
FN:18,(anonymous_3)
FN:46,(anonymous_4)
FNF:4
FNH:4
FNDA:13,(anonymous_1)
FNDA:3,(anonymous_2)
FNDA:2,(anonymous_3)
FNDA:3,(anonymous_4)
DA:2,1
DA:3,1
DA:7,13
DA:8,13
DA:9,13
DA:13,3
DA:15,3
DA:16,3
DA:19,2
DA:21,2
DA:23,2
DA:25,2
DA:26,10
DA:28,10
DA:29,2
DA:30,2
DA:31,8
DA:32,3
DA:33,3
DA:38,2
DA:39,2
DA:40,2
DA:41,2
DA:43,0
DA:48,3
DA:51,3
DA:53,3
DA:55,3
DA:56,3
DA:57,3
DA:59,3
DA:63,1
LF:32
LH:31
BRDA:16,1,0,1
BRDA:16,1,1,2
BRDA:21,2,0,1
BRDA:21,2,1,1
BRDA:23,3,0,2
BRDA:23,3,1,0
BRDA:28,4,0,2
BRDA:28,4,1,8
BRDA:31,5,0,3
BRDA:31,5,1,5
BRF:10
BRH:9
end_of_record
TN:
SF:/home/swapnil/Nodeapp/cars.js
FNF:0
FNH:0
DA:1,1
DA:64,1
LF:2
LH:2
BRF:0
BRH:0
end_of_record
